[debug] [2020-12-12T20:59:04.893Z] ----------------------------------------------------------------------
[debug] [2020-12-12T20:59:04.895Z] Command:       C:\Program Files\nodejs\node.exe C:\Users\Angel\AppData\Roaming\npm-cache\_npx\8016\node_modules\firebase-tools\lib\bin\firebase.js deploy --only functions
[debug] [2020-12-12T20:59:04.895Z] CLI Version:   8.19.0
[debug] [2020-12-12T20:59:04.896Z] Platform:      win32
[debug] [2020-12-12T20:59:04.896Z] Node Version:  v12.17.0
[debug] [2020-12-12T20:59:04.896Z] Time:          Sat Dec 12 2020 17:59:04 GMT-0300 (GMT-03:00)
[debug] [2020-12-12T20:59:04.896Z] ----------------------------------------------------------------------
[debug] [2020-12-12T20:59:04.897Z] 
[debug] [2020-12-12T20:59:04.910Z] > command requires scopes: ["email","openid","https://www.googleapis.com/auth/cloudplatformprojects.readonly","https://www.googleapis.com/auth/firebase","https://www.googleapis.com/auth/cloud-platform"]
[debug] [2020-12-12T20:59:04.911Z] > authorizing via signed-in user
[debug] [2020-12-12T20:59:04.911Z] [iam] checking project email-contactform-b259e for permissions ["cloudfunctions.functions.create","cloudfunctions.functions.delete","cloudfunctions.functions.get","cloudfunctions.functions.list","cloudfunctions.functions.update","cloudfunctions.operations.get","firebase.projects.get"]
[debug] [2020-12-12T20:59:04.914Z] > refreshing access token with scopes: ["email","https://www.googleapis.com/auth/cloud-platform","https://www.googleapis.com/auth/cloudplatformprojects.readonly","https://www.googleapis.com/auth/firebase","openid"]
[debug] [2020-12-12T20:59:04.914Z] >>> HTTP REQUEST POST https://www.googleapis.com/oauth2/v3/token  
 <request body omitted>
[debug] [2020-12-12T20:59:05.047Z] <<< HTTP RESPONSE 200 {"cache-control":"no-cache, no-store, max-age=0, must-revalidate","expires":"Mon, 01 Jan 1990 00:00:00 GMT","pragma":"no-cache","date":"Sat, 12 Dec 2020 20:59:01 GMT","content-type":"application/json; charset=utf-8","vary":"X-Origin, Referer, Origin,Accept-Encoding","server":"scaffolding on HTTPServer2","x-xss-protection":"0","x-frame-options":"SAMEORIGIN","x-content-type-options":"nosniff","alt-svc":"h3-29=\":443\"; ma=2592000,h3-T051=\":443\"; ma=2592000,h3-Q050=\":443\"; ma=2592000,h3-Q046=\":443\"; ma=2592000,h3-Q043=\":443\"; ma=2592000,quic=\":443\"; ma=2592000; v=\"46,43\"","accept-ranges":"none","transfer-encoding":"chunked"}
[debug] [2020-12-12T20:59:05.087Z] >>> HTTP REQUEST POST https://cloudresourcemanager.googleapis.com/v1/projects/email-contactform-b259e:testIamPermissions  
 {"permissions":["cloudfunctions.functions.create","cloudfunctions.functions.delete","cloudfunctions.functions.get","cloudfunctions.functions.list","cloudfunctions.functions.update","cloudfunctions.operations.get","firebase.projects.get"]}
[debug] [2020-12-12T20:59:06.076Z] <<< HTTP RESPONSE 200 {"content-type":"application/json; charset=UTF-8","vary":"X-Origin, Referer, Origin,Accept-Encoding","date":"Sat, 12 Dec 2020 20:59:02 GMT","server":"ESF","cache-control":"private","x-xss-protection":"0","x-frame-options":"SAMEORIGIN","x-content-type-options":"nosniff","server-timing":"gfet4t7; dur=902","alt-svc":"h3-29=\":443\"; ma=2592000,h3-T051=\":443\"; ma=2592000,h3-Q050=\":443\"; ma=2592000,h3-Q046=\":443\"; ma=2592000,h3-Q043=\":443\"; ma=2592000,quic=\":443\"; ma=2592000; v=\"46,43\"","accept-ranges":"none","transfer-encoding":"chunked"}
[debug] [2020-12-12T20:59:06.080Z] >>> HTTP REQUEST POST https://iam.googleapis.com/v1/projects/email-contactform-b259e/serviceAccounts/email-contactform-b259e@appspot.gserviceaccount.com:testIamPermissions  
 {"permissions":["iam.serviceAccounts.actAs"]}
[debug] [2020-12-12T20:59:07.004Z] <<< HTTP RESPONSE 200 {"content-type":"application/json; charset=UTF-8","vary":"X-Origin, Referer, Origin,Accept-Encoding","date":"Sat, 12 Dec 2020 20:59:03 GMT","server":"ESF","cache-control":"private","x-xss-protection":"0","x-frame-options":"SAMEORIGIN","x-content-type-options":"nosniff","alt-svc":"h3-29=\":443\"; ma=2592000,h3-T051=\":443\"; ma=2592000,h3-Q050=\":443\"; ma=2592000,h3-Q046=\":443\"; ma=2592000,h3-Q043=\":443\"; ma=2592000,quic=\":443\"; ma=2592000; v=\"46,43\"","accept-ranges":"none","transfer-encoding":"chunked"}
[info] 
[info] === Deploying to 'email-contactform-b259e'...
[info] 
[info] i  deploying functions 
[debug] [2020-12-12T20:59:12.608Z] > [functions] package.json contents: {
  "name": "functions",
  "description": "Cloud Functions for Firebase",
  "scripts": {
    "serve": "firebase emulators:start --only functions",
    "shell": "firebase functions:shell",
    "start": "npm run shell",
    "deploy": "firebase deploy --only functions",
    "logs": "firebase functions:log"
  },
  "engines": {
    "node": "8"
  },
  "main": "index.js",
  "dependencies": {
    "firebase-admin": "^9.2.0",
    "firebase-functions": "^3.11.0",
    "nodemailer": "^6.4.17"
  },
  "devDependencies": {
    "firebase-functions-test": "^0.2.0"
  },
  "private": true
}
[info] i  functions: ensuring required API cloudfunctions.googleapis.com is enabled... 
[debug] [2020-12-12T20:59:14.362Z] >>> HTTP REQUEST GET https://serviceusage.googleapis.com/v1/projects/email-contactform-b259e/services/cloudfunctions.googleapis.com  
 
[debug] [2020-12-12T20:59:14.363Z] >>> HTTP REQUEST GET https://serviceusage.googleapis.com/v1/projects/email-contactform-b259e/services/runtimeconfig.googleapis.com  
 
[debug] [2020-12-12T20:59:15.489Z] <<< HTTP RESPONSE 200 {"content-type":"application/json; charset=UTF-8","vary":"X-Origin, Referer, Origin,Accept-Encoding","date":"Sat, 12 Dec 2020 20:59:11 GMT","server":"ESF","cache-control":"private","x-xss-protection":"0","x-frame-options":"SAMEORIGIN","x-content-type-options":"nosniff","alt-svc":"h3-29=\":443\"; ma=2592000,h3-T051=\":443\"; ma=2592000,h3-Q050=\":443\"; ma=2592000,h3-Q046=\":443\"; ma=2592000,h3-Q043=\":443\"; ma=2592000,quic=\":443\"; ma=2592000; v=\"46,43\"","accept-ranges":"none","transfer-encoding":"chunked"}
[info] +  functions: required API cloudfunctions.googleapis.com is enabled 
[debug] [2020-12-12T20:59:15.499Z] <<< HTTP RESPONSE 200 {"content-type":"application/json; charset=UTF-8","vary":"X-Origin, Referer, Origin,Accept-Encoding","date":"Sat, 12 Dec 2020 20:59:11 GMT","server":"ESF","cache-control":"private","x-xss-protection":"0","x-frame-options":"SAMEORIGIN","x-content-type-options":"nosniff","alt-svc":"h3-29=\":443\"; ma=2592000,h3-T051=\":443\"; ma=2592000,h3-Q050=\":443\"; ma=2592000,h3-Q046=\":443\"; ma=2592000,h3-Q043=\":443\"; ma=2592000,quic=\":443\"; ma=2592000; v=\"46,43\"","accept-ranges":"none","transfer-encoding":"chunked"}
[debug] [2020-12-12T20:59:15.501Z] >>> HTTP REQUEST GET https://firebase.googleapis.com/v1beta1/projects/email-contactform-b259e/adminSdkConfig  
 
[debug] [2020-12-12T20:59:15.846Z] <<< HTTP RESPONSE 200 {"content-type":"application/json; charset=UTF-8","vary":"X-Origin, Referer, Origin,Accept-Encoding","date":"Sat, 12 Dec 2020 20:59:11 GMT","server":"ESF","cache-control":"private","x-xss-protection":"0","x-frame-options":"SAMEORIGIN","x-content-type-options":"nosniff","alt-svc":"h3-29=\":443\"; ma=2592000,h3-T051=\":443\"; ma=2592000,h3-Q050=\":443\"; ma=2592000,h3-Q046=\":443\"; ma=2592000,h3-Q043=\":443\"; ma=2592000,quic=\":443\"; ma=2592000; v=\"46,43\"","accept-ranges":"none","transfer-encoding":"chunked"}
[info] i  functions: preparing functions directory for uploading... 
[debug] [2020-12-12T20:59:15.854Z] >>> HTTP REQUEST GET https://runtimeconfig.googleapis.com/v1beta1/projects/email-contactform-b259e/configs  
 
[debug] [2020-12-12T20:59:16.808Z] <<< HTTP RESPONSE 200 {"content-type":"application/json; charset=UTF-8","vary":"X-Origin, Referer, Origin,Accept-Encoding","date":"Sat, 12 Dec 2020 20:59:12 GMT","server":"ESF","cache-control":"private","x-xss-protection":"0","x-frame-options":"SAMEORIGIN","x-content-type-options":"nosniff","alt-svc":"h3-29=\":443\"; ma=2592000,h3-T051=\":443\"; ma=2592000,h3-Q050=\":443\"; ma=2592000,h3-Q046=\":443\"; ma=2592000,h3-Q043=\":443\"; ma=2592000,quic=\":443\"; ma=2592000; v=\"46,43\"","accept-ranges":"none","transfer-encoding":"chunked"}
[error] 
[error] Error: Error occurred while parsing your function triggers.

ReferenceError: nodemailer is not defined
    at Object.<anonymous> (C:\Proyecto\paper-kit-2-angular-master\functions\index.js:12:19)
    at Module._compile (internal/modules/cjs/loader.js:1138:30)
    at Object.Module._extensions..js (internal/modules/cjs/loader.js:1158:10)
    at Module.load (internal/modules/cjs/loader.js:986:32)
    at Function.Module._load (internal/modules/cjs/loader.js:879:14)
    at Module.require (internal/modules/cjs/loader.js:1026:19)
    at require (internal/modules/cjs/helpers.js:72:18)
    at C:\Users\Angel\AppData\Roaming\npm-cache\_npx\8016\node_modules\firebase-tools\lib\triggerParser.js:15:15
    at Object.<anonymous> (C:\Users\Angel\AppData\Roaming\npm-cache\_npx\8016\node_modules\firebase-tools\lib\triggerParser.js:53:3)
    at Module._compile (internal/modules/cjs/loader.js:1138:30)
[debug] [2020-12-12T21:00:20.684Z] Error: EPERM: operation not permitted, unlink 'C:\Users\Angel\AppData\Roaming\npm-cache\_npx\8016\node_modules\firebase-tools\node_modules\re2\build\Release\re2.node'
    at Object.unlinkSync (fs.js:1129:3)
    at fixWinEPERMSync (C:\Users\Angel\AppData\Roaming\npm\node_modules\npm\node_modules\rimraf\rimraf.js:219:13)
    at rimrafSync (C:\Users\Angel\AppData\Roaming\npm\node_modules\npm\node_modules\rimraf\rimraf.js:319:28)
    at C:\Users\Angel\AppData\Roaming\npm\node_modules\npm\node_modules\rimraf\rimraf.js:350:5
    at Array.forEach (<anonymous>)
    at rmkidsSync (C:\Users\Angel\AppData\Roaming\npm\node_modules\npm\node_modules\rimraf\rimraf.js:349:26)
    at rmdirSync (C:\Users\Angel\AppData\Roaming\npm\node_modules\npm\node_modules\rimraf\rimraf.js:342:7)
    at fixWinEPERMSync (C:\Users\Angel\AppData\Roaming\npm\node_modules\npm\node_modules\rimraf\rimraf.js:217:5)
    at rimrafSync (C:\Users\Angel\AppData\Roaming\npm\node_modules\npm\node_modules\rimraf\rimraf.js:319:28)
    at C:\Users\Angel\AppData\Roaming\npm\node_modules\npm\node_modules\rimraf\rimraf.js:350:5
    at Array.forEach (<anonymous>)
    at rmkidsSync (C:\Users\Angel\AppData\Roaming\npm\node_modules\npm\node_modules\rimraf\rimraf.js:349:26)
    at rmdirSync (C:\Users\Angel\AppData\Roaming\npm\node_modules\npm\node_modules\rimraf\rimraf.js:342:7)
    at fixWinEPERMSync (C:\Users\Angel\AppData\Roaming\npm\node_modules\npm\node_modules\rimraf\rimraf.js:217:5)
    at rimrafSync (C:\Users\Angel\AppData\Roaming\npm\node_modules\npm\node_modules\rimraf\rimraf.js:319:28)
    at C:\Users\Angel\AppData\Roaming\npm\node_modules\npm\node_modules\rimraf\rimraf.js:350:5
[error] 
[error] Error: An unexpected error has occurred.
